0 verbose cli [ '/usr/bin/node', '/usr/bin/npm', 'start' ]
1 info using npm@8.5.5
2 info using node@v17.9.0
3 timing npm:load:whichnode Completed in 0ms
4 timing config:load:defaults Completed in 2ms
5 timing config:load:file:/usr/lib/node_modules/npm/npmrc Completed in 1ms
6 timing config:load:builtin Completed in 1ms
7 timing config:load:cli Completed in 1ms
8 timing config:load:env Completed in 0ms
9 timing config:load:project Completed in 7ms
10 timing config:load:file:/home/sngoadm2/.npmrc Completed in 0ms
11 timing config:load:user Completed in 0ms
12 timing config:load:file:/usr/etc/npmrc Completed in 0ms
13 timing config:load:global Completed in 0ms
14 timing config:load:validate Completed in 0ms
15 timing config:load:credentials Completed in 0ms
16 timing config:load:setEnvs Completed in 1ms
17 timing config:load Completed in 13ms
18 timing npm:load:configload Completed in 13ms
19 timing npm:load:setTitle Completed in 0ms
20 timing config:load:flatten Completed in 2ms
21 timing npm:load:display Completed in 3ms
22 verbose logfile /home/sngoadm2/.npm/_logs/2024-10-13T06_11_08_344Z-debug-0.log
23 timing npm:load:logFile Completed in 4ms
24 timing npm:load:timers Completed in 0ms
25 timing npm:load:configScope Completed in 0ms
26 timing npm:load Completed in 20ms
27 silly logfile start cleaning logs, removing 1 files
28 timing command:run-script Completed in 9ms
29 timing command:start Completed in 11ms
30 verbose stack Error: ENOENT: no such file or directory, open '/home/sngoadm2/package.json'
31 verbose cwd /home/sngoadm2
32 verbose Linux 5.4.0-193-generic
33 verbose argv "/usr/bin/node" "/usr/bin/npm" "start"
34 verbose node v17.9.0
35 verbose npm  v8.5.5
36 error code ENOENT
37 error syscall open
38 error path /home/sngoadm2/package.json
39 error errno -2
40 error enoent ENOENT: no such file or directory, open '/home/sngoadm2/package.json'
41 error enoent This is related to npm not being able to find a file.
41 error enoent
42 verbose exit -2
43 timing npm Completed in 124ms
44 verbose code -2
45 error A complete log of this run can be found in:
45 error     /home/sngoadm2/.npm/_logs/2024-10-13T06_11_08_344Z-debug-0.log
